<?xml version="1.0" encoding="UTF-8"?>
<testng-results skipped="0" failed="0" total="1" passed="1">
  <reporter-output>
  </reporter-output>
  <suite name="Example test run" duration-ms="81" started-at="2019-03-26T05:57:09Z" finished-at="2019-03-26T05:57:10Z">
    <groups>
    </groups>
    <test name="Simple Test" duration-ms="81" started-at="2019-03-26T05:57:09Z" finished-at="2019-03-26T05:57:10Z">
      <class name="FIrstPackage.NewTest">
        <test-method status="PASS" signature="f()[pri:0, instance:FIrstPackage.NewTest@6833ce2c]" name="f" duration-ms="38" started-at="2019-03-26T11:27:09Z" finished-at="2019-03-26T11:27:10Z">
          <reporter-output>
          </reporter-output>
        </test-method> <!-- f -->
      </class> <!-- FIrstPackage.NewTest -->
    </test> <!-- Simple Test -->
  </suite> <!-- Example test run -->
</testng-results>
